2019-02-05 08:29:12,519 [Worker-4] INFO  c.g.t.t.d.PublishedGradleVersions - Gradle version information cache is out-of-date. Trying to update.
2019-02-05 08:29:14,350 [Worker-4] INFO  c.g.t.t.d.PublishedGradleVersions - Updating Gradle version information cache failed. Using outdated cache.
2019-02-06 07:20:58,213 [Worker-4] INFO  c.g.t.t.d.PublishedGradleVersions - Gradle version information cache is out-of-date. Trying to update.
2019-02-06 07:21:01,742 [Worker-4] INFO  c.g.t.t.d.PublishedGradleVersions - Updating Gradle version information cache failed. Using outdated cache.
2019-02-06 07:50:04,051 [Worker-0] INFO  c.g.t.t.d.PublishedGradleVersions - Gradle version information cache is out-of-date. Trying to update.
2019-02-06 07:50:04,642 [Worker-0] INFO  c.g.t.t.d.PublishedGradleVersions - Updating Gradle version information cache failed. Using outdated cache.
2019-02-06 07:55:03,672 [Worker-0] INFO  c.g.t.t.d.PublishedGradleVersions - Gradle version information cache is out-of-date. Trying to update.
2019-02-06 07:55:04,207 [Worker-0] INFO  c.g.t.t.d.PublishedGradleVersions - Updating Gradle version information cache failed. Using outdated cache.
2019-02-06 09:25:31,251 [Worker-1] INFO  c.g.t.t.d.PublishedGradleVersions - Gradle version information cache is out-of-date. Trying to update.
2019-02-12 07:36:53,016 [Worker-3] INFO  c.g.t.t.d.PublishedGradleVersions - Gradle version information cache is not available. Remote download required.
2019-02-12 11:24:20,861 [Worker-88] INFO  o.e.m.c.i.l.LifecycleMappingFactory - Using org.eclipse.m2e.jdt.JarLifecycleMapping lifecycle mapping for MavenProject: 03-Framework:03-Framework:0.0.1-SNAPSHOT @ F:\2TDSA\2TDSA-JAVA-WEB\03-Framework\pom.xml.
2019-02-12 11:24:23,665 [Worker-85] WARN  o.e.m.c.i.embedder.EclipseLogger - Using platform encoding (Cp1252 actually) to copy filtered resources, i.e. build is platform dependent!
2019-02-12 11:24:23,820 [Worker-85] INFO  o.e.m.c.i.embedder.EclipseLogger - Copying 1 resource
2019-02-12 11:24:23,839 [Worker-85] WARN  o.e.m.c.i.embedder.EclipseLogger - Using platform encoding (Cp1252 actually) to copy filtered resources, i.e. build is platform dependent!
2019-02-12 11:24:23,844 [Worker-85] INFO  o.e.m.c.i.embedder.EclipseLogger - skip non existing resourceDirectory F:\2TDSA\2TDSA-JAVA-WEB\03-Framework\src\test\resources
2019-02-12 11:24:23,932 [Worker-88] INFO  o.e.m.j.i.AbstractJavaProjectConfigurator - Adding source folder /03-Framework/src
2019-02-12 11:24:23,932 [Worker-88] INFO  o.e.m.j.i.AbstractJavaProjectConfigurator - Resources folder /03-Framework/src overlaps with sources folder /03-Framework/src
2019-02-12 11:24:23,935 [Worker-88] INFO  o.e.m.j.i.AbstractJavaProjectConfigurator - Not adding source folder /03-Framework/src/test/java because it overlaps with /03-Framework/src
2019-02-12 11:24:24,364 [Worker-88] INFO  o.e.m.c.i.p.ProjectConfigurationManager - Update started
2019-02-12 11:24:24,762 [Worker-88] INFO  o.e.m.c.i.l.LifecycleMappingFactory - Using org.eclipse.m2e.jdt.JarLifecycleMapping lifecycle mapping for MavenProject: 03-Framework:03-Framework:0.0.1-SNAPSHOT @ F:\2TDSA\2TDSA-JAVA-WEB\03-Framework\pom.xml.
2019-02-12 11:24:25,341 [Worker-88] INFO  o.e.m.j.i.AbstractJavaProjectConfigurator - Adding source folder /03-Framework/src
2019-02-12 11:24:25,341 [Worker-88] INFO  o.e.m.j.i.AbstractJavaProjectConfigurator - Resources folder /03-Framework/src overlaps with sources folder /03-Framework/src
2019-02-12 11:24:25,343 [Worker-88] INFO  o.e.m.j.i.AbstractJavaProjectConfigurator - Not adding source folder /03-Framework/src/test/java because it overlaps with /03-Framework/src
2019-02-12 11:24:25,707 [Worker-88] INFO  o.e.m.c.i.p.ProjectConfigurationManager - Update completed: 1 sec
2019-02-12 11:24:26,088 [Worker-86] WARN  o.e.m.c.i.embedder.EclipseLogger - Using platform encoding (Cp1252 actually) to copy filtered resources, i.e. build is platform dependent!
2019-02-12 11:24:26,094 [Worker-86] INFO  o.e.m.c.i.embedder.EclipseLogger - Copying 1 resource
2019-02-12 11:24:26,111 [Worker-86] WARN  o.e.m.c.i.embedder.EclipseLogger - Using platform encoding (Cp1252 actually) to copy filtered resources, i.e. build is platform dependent!
2019-02-12 11:24:26,115 [Worker-86] INFO  o.e.m.c.i.embedder.EclipseLogger - skip non existing resourceDirectory F:\2TDSA\2TDSA-JAVA-WEB\03-Framework\src\test\resources
2019-02-12 11:24:40,686 [Worker-88] INFO  o.e.m.c.i.l.LifecycleMappingFactory - Using org.eclipse.m2e.jdt.JarLifecycleMapping lifecycle mapping for MavenProject: 03-Framework:03-Framework:0.0.1-SNAPSHOT @ F:\2TDSA\2TDSA-JAVA-WEB\03-Framework\pom.xml.
2019-02-12 11:24:45,192 [Worker-88] INFO  o.e.m.c.i.e.AbstractTransferListenerAdapter - Downloaded https://repo.maven.apache.org/maven2/log4j/log4j/1.2.17/log4j-1.2.17.pom
2019-02-12 11:24:45,623 [Worker-88] WARN  o.e.m.c.i.embedder.EclipseLogger - Using platform encoding (Cp1252 actually) to copy filtered resources, i.e. build is platform dependent!
2019-02-12 11:24:45,631 [Worker-88] INFO  o.e.m.c.i.embedder.EclipseLogger - Copying 0 resource
2019-02-12 11:24:45,634 [Worker-88] WARN  o.e.m.c.i.embedder.EclipseLogger - Using platform encoding (Cp1252 actually) to copy filtered resources, i.e. build is platform dependent!
2019-02-12 11:24:45,639 [Worker-88] INFO  o.e.m.c.i.embedder.EclipseLogger - skip non existing resourceDirectory F:\2TDSA\2TDSA-JAVA-WEB\03-Framework\src\test\resources
2019-02-12 11:24:47,224 [Worker-85] INFO  o.e.m.c.i.l.LifecycleMappingFactory - Using org.eclipse.m2e.jdt.JarLifecycleMapping lifecycle mapping for MavenProject: 03-Framework:03-Framework:0.0.1-SNAPSHOT @ F:\2TDSA\2TDSA-JAVA-WEB\03-Framework\pom.xml.
2019-02-12 11:24:47,446 [Worker-85] WARN  o.e.m.c.i.embedder.EclipseLogger - Using platform encoding (Cp1252 actually) to copy filtered resources, i.e. build is platform dependent!
2019-02-12 11:24:47,453 [Worker-85] INFO  o.e.m.c.i.embedder.EclipseLogger - Copying 0 resource
2019-02-12 11:24:47,455 [Worker-85] WARN  o.e.m.c.i.embedder.EclipseLogger - Using platform encoding (Cp1252 actually) to copy filtered resources, i.e. build is platform dependent!
2019-02-12 11:24:47,460 [Worker-85] INFO  o.e.m.c.i.embedder.EclipseLogger - skip non existing resourceDirectory F:\2TDSA\2TDSA-JAVA-WEB\03-Framework\src\test\resources
2019-02-12 11:25:44,121 [Worker-89] INFO  o.e.m.c.i.l.LifecycleMappingFactory - Using org.eclipse.m2e.jdt.JarLifecycleMapping lifecycle mapping for MavenProject: 03-Framework:03-Framework:0.0.1-SNAPSHOT @ F:\2TDSA\2TDSA-JAVA-WEB\04-Framework\pom.xml.
2019-02-12 11:25:45,119 [Worker-89] WARN  o.e.m.c.i.embedder.EclipseLogger - Using platform encoding (Cp1252 actually) to copy filtered resources, i.e. build is platform dependent!
2019-02-12 11:25:45,125 [Worker-89] INFO  o.e.m.c.i.embedder.EclipseLogger - Copying 1 resource
2019-02-12 11:25:45,151 [Worker-89] WARN  o.e.m.c.i.embedder.EclipseLogger - Using platform encoding (Cp1252 actually) to copy filtered resources, i.e. build is platform dependent!
2019-02-12 11:25:45,156 [Worker-89] INFO  o.e.m.c.i.embedder.EclipseLogger - skip non existing resourceDirectory F:\2TDSA\2TDSA-JAVA-WEB\04-Framework\src\test\resources
2019-02-12 11:27:34,491 [Worker-89] ERROR o.e.m.c.embedder.MavenModelManager - Project read error
org.eclipse.aether.collection.DependencyCollectionException: Failed to collect dependencies at log4j:log4j:jar:1.2.17
	at org.eclipse.aether.internal.impl.DefaultDependencyCollector.collectDependencies(DefaultDependencyCollector.java:291) ~[aether-impl-1.0.2.v20150114.jar:na]
	at org.eclipse.aether.internal.impl.DefaultRepositorySystem.collectDependencies(DefaultRepositorySystem.java:316) ~[aether-impl-1.0.2.v20150114.jar:na]
	at org.eclipse.m2e.core.embedder.MavenModelManager.readDependencyTree(MavenModelManager.java:230) [org.eclipse.m2e.core_1.8.3.20180227-2137.jar:na]
	at org.eclipse.m2e.core.embedder.MavenModelManager$1.call(MavenModelManager.java:187) [org.eclipse.m2e.core_1.8.3.20180227-2137.jar:na]
	at org.eclipse.m2e.core.embedder.MavenModelManager$1.call(MavenModelManager.java:1) [org.eclipse.m2e.core_1.8.3.20180227-2137.jar:na]
	at org.eclipse.m2e.core.internal.embedder.MavenExecutionContext.executeBare(MavenExecutionContext.java:177) [org.eclipse.m2e.core_1.8.3.20180227-2137.jar:na]
	at org.eclipse.m2e.core.internal.embedder.MavenExecutionContext.execute(MavenExecutionContext.java:112) [org.eclipse.m2e.core_1.8.3.20180227-2137.jar:na]
	at org.eclipse.m2e.core.internal.project.registry.MavenProjectManager$1.call(MavenProjectManager.java:124) [org.eclipse.m2e.core_1.8.3.20180227-2137.jar:na]
	at org.eclipse.m2e.core.internal.embedder.MavenExecutionContext.executeBare(MavenExecutionContext.java:177) [org.eclipse.m2e.core_1.8.3.20180227-2137.jar:na]
	at org.eclipse.m2e.core.internal.embedder.MavenExecutionContext.execute(MavenExecutionContext.java:151) [org.eclipse.m2e.core_1.8.3.20180227-2137.jar:na]
	at org.eclipse.m2e.core.internal.embedder.MavenExecutionContext.execute(MavenExecutionContext.java:99) [org.eclipse.m2e.core_1.8.3.20180227-2137.jar:na]
	at org.eclipse.m2e.core.internal.project.registry.MavenProjectManager.execute(MavenProjectManager.java:122) [org.eclipse.m2e.core_1.8.3.20180227-2137.jar:na]
	at org.eclipse.m2e.core.embedder.MavenModelManager.readDependencyTree(MavenModelManager.java:191) [org.eclipse.m2e.core_1.8.3.20180227-2137.jar:na]
	at org.eclipse.m2e.editor.pom.MavenPomEditor.readDependencyTree(MavenPomEditor.java:697) [org.eclipse.m2e.editor_1.8.3.20180227-2137.jar:na]
	at org.eclipse.m2e.editor.pom.DependencyTreePage$1.run(DependencyTreePage.java:222) [org.eclipse.m2e.editor_1.8.3.20180227-2137.jar:na]
	at org.eclipse.core.internal.jobs.Worker.run(Worker.java:56) [org.eclipse.core.jobs_3.9.3.v20180115-1757.jar:na]
Caused by: org.eclipse.aether.resolution.ArtifactDescriptorException: Failed to read artifact descriptor for log4j:log4j:jar:1.2.17
	at org.apache.maven.repository.internal.DefaultArtifactDescriptorReader.loadPom(DefaultArtifactDescriptorReader.java:282) ~[maven-aether-provider-3.3.9.jar:3.3.9]
	at org.apache.maven.repository.internal.DefaultArtifactDescriptorReader.readArtifactDescriptor(DefaultArtifactDescriptorReader.java:198) ~[maven-aether-provider-3.3.9.jar:3.3.9]
	at org.eclipse.aether.internal.impl.DefaultDependencyCollector.resolveCachedArtifactDescriptor(DefaultDependencyCollector.java:535) ~[aether-impl-1.0.2.v20150114.jar:na]
	at org.eclipse.aether.internal.impl.DefaultDependencyCollector.getArtifactDescriptorResult(DefaultDependencyCollector.java:519) ~[aether-impl-1.0.2.v20150114.jar:na]
	at org.eclipse.aether.internal.impl.DefaultDependencyCollector.processDependency(DefaultDependencyCollector.java:409) ~[aether-impl-1.0.2.v20150114.jar:na]
	at org.eclipse.aether.internal.impl.DefaultDependencyCollector.processDependency(DefaultDependencyCollector.java:363) ~[aether-impl-1.0.2.v20150114.jar:na]
	at org.eclipse.aether.internal.impl.DefaultDependencyCollector.process(DefaultDependencyCollector.java:351) ~[aether-impl-1.0.2.v20150114.jar:na]
	at org.eclipse.aether.internal.impl.DefaultDependencyCollector.collectDependencies(DefaultDependencyCollector.java:254) ~[aether-impl-1.0.2.v20150114.jar:na]
	... 15 common frames omitted
Caused by: org.eclipse.aether.resolution.ArtifactResolutionException: Failure to transfer log4j:log4j:pom:1.2.17 from https://repo.maven.apache.org/maven2 was cached in the local repository, resolution will not be reattempted until the update interval of central has elapsed or updates are forced. Original error: Could not transfer artifact log4j:log4j:pom:1.2.17 from/to central (https://repo.maven.apache.org/maven2): sun.security.validator.ValidatorException: PKIX path building failed: sun.security.provider.certpath.SunCertPathBuilderException: unable to find valid certification path to requested target
	at org.eclipse.aether.internal.impl.DefaultArtifactResolver.resolve(DefaultArtifactResolver.java:444) ~[aether-impl-1.0.2.v20150114.jar:na]
	at org.eclipse.aether.internal.impl.DefaultArtifactResolver.resolveArtifacts(DefaultArtifactResolver.java:246) ~[aether-impl-1.0.2.v20150114.jar:na]
	at org.eclipse.aether.internal.impl.DefaultArtifactResolver.resolveArtifact(DefaultArtifactResolver.java:223) ~[aether-impl-1.0.2.v20150114.jar:na]
	at org.apache.maven.repository.internal.DefaultArtifactDescriptorReader.loadPom(DefaultArtifactDescriptorReader.java:267) ~[maven-aether-provider-3.3.9.jar:3.3.9]
	... 22 common frames omitted
Caused by: org.eclipse.aether.transfer.ArtifactTransferException: Failure to transfer log4j:log4j:pom:1.2.17 from https://repo.maven.apache.org/maven2 was cached in the local repository, resolution will not be reattempted until the update interval of central has elapsed or updates are forced. Original error: Could not transfer artifact log4j:log4j:pom:1.2.17 from/to central (https://repo.maven.apache.org/maven2): sun.security.validator.ValidatorException: PKIX path building failed: sun.security.provider.certpath.SunCertPathBuilderException: unable to find valid certification path to requested target
	at org.eclipse.aether.internal.impl.DefaultUpdateCheckManager.newException(DefaultUpdateCheckManager.java:238) ~[aether-impl-1.0.2.v20150114.jar:na]
	at org.eclipse.aether.internal.impl.DefaultUpdateCheckManager.checkArtifact(DefaultUpdateCheckManager.java:206) ~[aether-impl-1.0.2.v20150114.jar:na]
	at org.eclipse.aether.internal.impl.DefaultArtifactResolver.gatherDownloads(DefaultArtifactResolver.java:585) ~[aether-impl-1.0.2.v20150114.jar:na]
	at org.eclipse.aether.internal.impl.DefaultArtifactResolver.performDownloads(DefaultArtifactResolver.java:503) ~[aether-impl-1.0.2.v20150114.jar:na]
	at org.eclipse.aether.internal.impl.DefaultArtifactResolver.resolve(DefaultArtifactResolver.java:421) ~[aether-impl-1.0.2.v20150114.jar:na]
	... 25 common frames omitted
2019-02-12 11:27:34,510 [Worker-89] ERROR o.e.m.editor.pom.DependencyTreePage - Project read error
org.eclipse.core.runtime.CoreException: Project read error
	at org.eclipse.m2e.core.embedder.MavenModelManager.readDependencyTree(MavenModelManager.java:234) ~[na:na]
	at org.eclipse.m2e.core.embedder.MavenModelManager$1.call(MavenModelManager.java:187) ~[na:na]
	at org.eclipse.m2e.core.embedder.MavenModelManager$1.call(MavenModelManager.java:1) ~[na:na]
	at org.eclipse.m2e.core.internal.embedder.MavenExecutionContext.executeBare(MavenExecutionContext.java:177) ~[na:na]
	at org.eclipse.m2e.core.internal.embedder.MavenExecutionContext.execute(MavenExecutionContext.java:112) ~[na:na]
	at org.eclipse.m2e.core.internal.project.registry.MavenProjectManager$1.call(MavenProjectManager.java:124) ~[na:na]
	at org.eclipse.m2e.core.internal.embedder.MavenExecutionContext.executeBare(MavenExecutionContext.java:177) ~[na:na]
	at org.eclipse.m2e.core.internal.embedder.MavenExecutionContext.execute(MavenExecutionContext.java:151) ~[na:na]
	at org.eclipse.m2e.core.internal.embedder.MavenExecutionContext.execute(MavenExecutionContext.java:99) ~[na:na]
	at org.eclipse.m2e.core.internal.project.registry.MavenProjectManager.execute(MavenProjectManager.java:122) ~[na:na]
	at org.eclipse.m2e.core.embedder.MavenModelManager.readDependencyTree(MavenModelManager.java:191) ~[na:na]
	at org.eclipse.m2e.editor.pom.MavenPomEditor.readDependencyTree(MavenPomEditor.java:697) ~[na:na]
	at org.eclipse.m2e.editor.pom.DependencyTreePage$1.run(DependencyTreePage.java:222) ~[na:na]
	at org.eclipse.core.internal.jobs.Worker.run(Worker.java:56) [org.eclipse.core.jobs_3.9.3.v20180115-1757.jar:na]
Caused by: org.eclipse.aether.collection.DependencyCollectionException: Failed to collect dependencies at log4j:log4j:jar:1.2.17
	at org.eclipse.aether.internal.impl.DefaultDependencyCollector.collectDependencies(DefaultDependencyCollector.java:291) ~[na:na]
	at org.eclipse.aether.internal.impl.DefaultRepositorySystem.collectDependencies(DefaultRepositorySystem.java:316) ~[na:na]
	at org.eclipse.m2e.core.embedder.MavenModelManager.readDependencyTree(MavenModelManager.java:230) ~[na:na]
	... 13 common frames omitted
Caused by: org.eclipse.aether.resolution.ArtifactDescriptorException: Failed to read artifact descriptor for log4j:log4j:jar:1.2.17
	at org.apache.maven.repository.internal.DefaultArtifactDescriptorReader.loadPom(DefaultArtifactDescriptorReader.java:282) ~[na:na]
	at org.apache.maven.repository.internal.DefaultArtifactDescriptorReader.readArtifactDescriptor(DefaultArtifactDescriptorReader.java:198) ~[na:na]
	at org.eclipse.aether.internal.impl.DefaultDependencyCollector.resolveCachedArtifactDescriptor(DefaultDependencyCollector.java:535) ~[na:na]
	at org.eclipse.aether.internal.impl.DefaultDependencyCollector.getArtifactDescriptorResult(DefaultDependencyCollector.java:519) ~[na:na]
	at org.eclipse.aether.internal.impl.DefaultDependencyCollector.processDependency(DefaultDependencyCollector.java:409) ~[na:na]
	at org.eclipse.aether.internal.impl.DefaultDependencyCollector.processDependency(DefaultDependencyCollector.java:363) ~[na:na]
	at org.eclipse.aether.internal.impl.DefaultDependencyCollector.process(DefaultDependencyCollector.java:351) ~[na:na]
	at org.eclipse.aether.internal.impl.DefaultDependencyCollector.collectDependencies(DefaultDependencyCollector.java:254) ~[na:na]
	... 15 common frames omitted
Caused by: org.eclipse.aether.resolution.ArtifactResolutionException: Failure to transfer log4j:log4j:pom:1.2.17 from https://repo.maven.apache.org/maven2 was cached in the local repository, resolution will not be reattempted until the update interval of central has elapsed or updates are forced. Original error: Could not transfer artifact log4j:log4j:pom:1.2.17 from/to central (https://repo.maven.apache.org/maven2): sun.security.validator.ValidatorException: PKIX path building failed: sun.security.provider.certpath.SunCertPathBuilderException: unable to find valid certification path to requested target
	at org.eclipse.aether.internal.impl.DefaultArtifactResolver.resolve(DefaultArtifactResolver.java:444) ~[na:na]
	at org.eclipse.aether.internal.impl.DefaultArtifactResolver.resolveArtifacts(DefaultArtifactResolver.java:246) ~[na:na]
	at org.eclipse.aether.internal.impl.DefaultArtifactResolver.resolveArtifact(DefaultArtifactResolver.java:223) ~[na:na]
	at org.apache.maven.repository.internal.DefaultArtifactDescriptorReader.loadPom(DefaultArtifactDescriptorReader.java:267) ~[na:na]
	... 22 common frames omitted
Caused by: org.eclipse.aether.transfer.ArtifactTransferException: Failure to transfer log4j:log4j:pom:1.2.17 from https://repo.maven.apache.org/maven2 was cached in the local repository, resolution will not be reattempted until the update interval of central has elapsed or updates are forced. Original error: Could not transfer artifact log4j:log4j:pom:1.2.17 from/to central (https://repo.maven.apache.org/maven2): sun.security.validator.ValidatorException: PKIX path building failed: sun.security.provider.certpath.SunCertPathBuilderException: unable to find valid certification path to requested target
	at org.eclipse.aether.internal.impl.DefaultUpdateCheckManager.newException(DefaultUpdateCheckManager.java:238) ~[na:na]
	at org.eclipse.aether.internal.impl.DefaultUpdateCheckManager.checkArtifact(DefaultUpdateCheckManager.java:206) ~[na:na]
	at org.eclipse.aether.internal.impl.DefaultArtifactResolver.gatherDownloads(DefaultArtifactResolver.java:585) ~[na:na]
	at org.eclipse.aether.internal.impl.DefaultArtifactResolver.performDownloads(DefaultArtifactResolver.java:503) ~[na:na]
	at org.eclipse.aether.internal.impl.DefaultArtifactResolver.resolve(DefaultArtifactResolver.java:421) ~[na:na]
	... 25 common frames omitted
2019-02-12 11:32:08,990 [Worker-92] WARN  o.e.m.c.i.embedder.EclipseLogger - Using platform encoding (Cp1252 actually) to copy filtered resources, i.e. build is platform dependent!
2019-02-12 11:32:09,008 [Worker-92] INFO  o.e.m.c.i.embedder.EclipseLogger - Copying 1 resource
2019-02-12 11:32:09,014 [Worker-92] WARN  o.e.m.c.i.embedder.EclipseLogger - Using platform encoding (Cp1252 actually) to copy filtered resources, i.e. build is platform dependent!
2019-02-12 11:32:09,019 [Worker-92] INFO  o.e.m.c.i.embedder.EclipseLogger - skip non existing resourceDirectory F:\2TDSA\2TDSA-JAVA-WEB\04-Framework\src\test\resources
2019-02-12 11:32:26,552 [Worker-92] WARN  o.e.m.c.i.embedder.EclipseLogger - Using platform encoding (Cp1252 actually) to copy filtered resources, i.e. build is platform dependent!
2019-02-12 11:32:26,557 [Worker-92] INFO  o.e.m.c.i.embedder.EclipseLogger - Copying 1 resource
2019-02-12 11:32:26,570 [Worker-92] WARN  o.e.m.c.i.embedder.EclipseLogger - Using platform encoding (Cp1252 actually) to copy filtered resources, i.e. build is platform dependent!
2019-02-12 11:32:26,576 [Worker-92] INFO  o.e.m.c.i.embedder.EclipseLogger - skip non existing resourceDirectory F:\2TDSA\2TDSA-JAVA-WEB\04-Framework\src\test\resources
2019-02-12 11:35:30,917 [Worker-94] WARN  o.e.m.c.i.embedder.EclipseLogger - Using platform encoding (Cp1252 actually) to copy filtered resources, i.e. build is platform dependent!
2019-02-12 11:35:30,924 [Worker-94] INFO  o.e.m.c.i.embedder.EclipseLogger - Copying 0 resource
2019-02-12 11:35:30,926 [Worker-94] WARN  o.e.m.c.i.embedder.EclipseLogger - Using platform encoding (Cp1252 actually) to copy filtered resources, i.e. build is platform dependent!
2019-02-12 11:35:30,932 [Worker-94] INFO  o.e.m.c.i.embedder.EclipseLogger - skip non existing resourceDirectory F:\2TDSA\2TDSA-JAVA-WEB\04-Framework\src\test\resources
2019-02-12 11:36:36,465 [Worker-92] WARN  o.e.m.c.i.embedder.EclipseLogger - Using platform encoding (Cp1252 actually) to copy filtered resources, i.e. build is platform dependent!
2019-02-12 11:36:36,524 [Worker-92] INFO  o.e.m.c.i.embedder.EclipseLogger - Copying 0 resource
2019-02-12 11:36:36,526 [Worker-92] WARN  o.e.m.c.i.embedder.EclipseLogger - Using platform encoding (Cp1252 actually) to copy filtered resources, i.e. build is platform dependent!
2019-02-12 11:36:36,543 [Worker-92] INFO  o.e.m.c.i.embedder.EclipseLogger - skip non existing resourceDirectory F:\2TDSA\2TDSA-JAVA-WEB\04-Framework\src\test\resources
2019-02-12 11:37:13,021 [Worker-92] WARN  o.e.m.c.i.embedder.EclipseLogger - Using platform encoding (Cp1252 actually) to copy filtered resources, i.e. build is platform dependent!
2019-02-12 11:37:13,037 [Worker-92] INFO  o.e.m.c.i.embedder.EclipseLogger - Copying 0 resource
2019-02-12 11:37:13,039 [Worker-92] WARN  o.e.m.c.i.embedder.EclipseLogger - Using platform encoding (Cp1252 actually) to copy filtered resources, i.e. build is platform dependent!
2019-02-12 11:37:13,044 [Worker-92] INFO  o.e.m.c.i.embedder.EclipseLogger - skip non existing resourceDirectory F:\2TDSA\2TDSA-JAVA-WEB\04-Framework\src\test\resources
2019-02-12 11:39:26,166 [Worker-93] INFO  o.e.m.c.i.p.ProjectConfigurationManager - Update started
2019-02-12 11:39:26,526 [Worker-93] INFO  o.e.m.c.i.l.LifecycleMappingFactory - Using org.eclipse.m2e.jdt.JarLifecycleMapping lifecycle mapping for MavenProject: 03-Framework:03-Framework:0.0.1-SNAPSHOT @ F:\2TDSA\2TDSA-JAVA-WEB\04-Framework\pom.xml.
2019-02-12 11:39:27,329 [Worker-93] INFO  o.e.m.c.i.e.AbstractTransferListenerAdapter - Downloading https://repo.maven.apache.org/maven2/log4j/log4j/1.2.17/log4j-1.2.17.pom
2019-02-12 11:39:27,571 [Worker-93] INFO  o.e.m.c.i.e.AbstractTransferListenerAdapter - Downloaded https://repo.maven.apache.org/maven2/log4j/log4j/1.2.17/log4j-1.2.17.pom
2019-02-12 11:39:27,736 [Worker-93] INFO  o.e.m.c.i.e.AbstractTransferListenerAdapter - Downloading https://repo.maven.apache.org/maven2/log4j/log4j/1.2.17/log4j-1.2.17.jar
2019-02-12 11:39:28,457 [Worker-93] INFO  o.e.m.c.i.e.AbstractTransferListenerAdapter - Downloaded https://repo.maven.apache.org/maven2/log4j/log4j/1.2.17/log4j-1.2.17.jar
2019-02-12 11:39:29,572 [Worker-93] INFO  o.e.m.j.i.AbstractJavaProjectConfigurator - Adding source folder /04-Framework/src
2019-02-12 11:39:29,573 [Worker-93] INFO  o.e.m.j.i.AbstractJavaProjectConfigurator - Resources folder /04-Framework/src overlaps with sources folder /04-Framework/src
2019-02-12 11:39:29,574 [Worker-93] INFO  o.e.m.j.i.AbstractJavaProjectConfigurator - Not adding source folder /04-Framework/src/test/java because it overlaps with /04-Framework/src
2019-02-12 11:39:30,139 [Worker-93] INFO  o.e.m.c.i.p.ProjectConfigurationManager - Update completed: 3 sec
2019-02-12 11:39:30,496 [Worker-97] WARN  o.e.m.c.i.embedder.EclipseLogger - Using platform encoding (Cp1252 actually) to copy filtered resources, i.e. build is platform dependent!
2019-02-12 11:39:30,502 [Worker-97] INFO  o.e.m.c.i.embedder.EclipseLogger - Copying 2 resources
2019-02-12 11:39:30,538 [Worker-97] WARN  o.e.m.c.i.embedder.EclipseLogger - Using platform encoding (Cp1252 actually) to copy filtered resources, i.e. build is platform dependent!
2019-02-12 11:39:30,546 [Worker-97] INFO  o.e.m.c.i.embedder.EclipseLogger - skip non existing resourceDirectory F:\2TDSA\2TDSA-JAVA-WEB\04-Framework\src\test\resources
2019-02-12 11:39:42,609 [Worker-95] WARN  o.e.m.c.i.embedder.EclipseLogger - Using platform encoding (Cp1252 actually) to copy filtered resources, i.e. build is platform dependent!
2019-02-12 11:39:42,621 [Worker-95] INFO  o.e.m.c.i.embedder.EclipseLogger - Copying 2 resources
2019-02-12 11:39:42,622 [Worker-95] WARN  o.e.m.c.i.embedder.EclipseLogger - Using platform encoding (Cp1252 actually) to copy filtered resources, i.e. build is platform dependent!
2019-02-12 11:39:42,627 [Worker-95] INFO  o.e.m.c.i.embedder.EclipseLogger - skip non existing resourceDirectory F:\2TDSA\2TDSA-JAVA-WEB\04-Framework\src\test\resources
2019-02-12 11:40:09,133 [Worker-98] WARN  o.e.m.c.i.embedder.EclipseLogger - Using platform encoding (Cp1252 actually) to copy filtered resources, i.e. build is platform dependent!
2019-02-12 11:40:09,141 [Worker-98] INFO  o.e.m.c.i.embedder.EclipseLogger - Copying 2 resources
2019-02-12 11:40:09,144 [Worker-98] WARN  o.e.m.c.i.embedder.EclipseLogger - Using platform encoding (Cp1252 actually) to copy filtered resources, i.e. build is platform dependent!
2019-02-12 11:40:09,149 [Worker-98] INFO  o.e.m.c.i.embedder.EclipseLogger - skip non existing resourceDirectory F:\2TDSA\2TDSA-JAVA-WEB\04-Framework\src\test\resources
2019-02-12 11:40:21,600 [Worker-101] WARN  o.e.m.c.i.embedder.EclipseLogger - Using platform encoding (Cp1252 actually) to copy filtered resources, i.e. build is platform dependent!
2019-02-12 11:40:21,613 [Worker-101] INFO  o.e.m.c.i.embedder.EclipseLogger - Copying 2 resources
2019-02-12 11:40:21,617 [Worker-101] WARN  o.e.m.c.i.embedder.EclipseLogger - Using platform encoding (Cp1252 actually) to copy filtered resources, i.e. build is platform dependent!
2019-02-12 11:40:21,622 [Worker-101] INFO  o.e.m.c.i.embedder.EclipseLogger - skip non existing resourceDirectory F:\2TDSA\2TDSA-JAVA-WEB\04-Framework\src\test\resources
2019-02-12 11:40:27,484 [Worker-100] WARN  o.e.m.c.i.embedder.EclipseLogger - Using platform encoding (Cp1252 actually) to copy filtered resources, i.e. build is platform dependent!
2019-02-12 11:40:27,499 [Worker-100] INFO  o.e.m.c.i.embedder.EclipseLogger - Copying 2 resources
2019-02-12 11:40:27,502 [Worker-100] WARN  o.e.m.c.i.embedder.EclipseLogger - Using platform encoding (Cp1252 actually) to copy filtered resources, i.e. build is platform dependent!
2019-02-12 11:40:27,508 [Worker-100] INFO  o.e.m.c.i.embedder.EclipseLogger - skip non existing resourceDirectory F:\2TDSA\2TDSA-JAVA-WEB\04-Framework\src\test\resources
2019-02-12 11:41:04,391 [Worker-101] WARN  o.e.m.c.i.embedder.EclipseLogger - Using platform encoding (Cp1252 actually) to copy filtered resources, i.e. build is platform dependent!
2019-02-12 11:41:04,398 [Worker-101] INFO  o.e.m.c.i.embedder.EclipseLogger - Copying 2 resources
2019-02-12 11:41:04,402 [Worker-101] WARN  o.e.m.c.i.embedder.EclipseLogger - Using platform encoding (Cp1252 actually) to copy filtered resources, i.e. build is platform dependent!
2019-02-12 11:41:04,406 [Worker-101] INFO  o.e.m.c.i.embedder.EclipseLogger - skip non existing resourceDirectory F:\2TDSA\2TDSA-JAVA-WEB\04-Framework\src\test\resources
2019-02-12 11:41:56,549 [Worker-104] WARN  o.e.m.c.i.embedder.EclipseLogger - Using platform encoding (Cp1252 actually) to copy filtered resources, i.e. build is platform dependent!
2019-02-12 11:41:56,557 [Worker-104] INFO  o.e.m.c.i.embedder.EclipseLogger - Copying 2 resources
2019-02-12 11:41:56,560 [Worker-104] WARN  o.e.m.c.i.embedder.EclipseLogger - Using platform encoding (Cp1252 actually) to copy filtered resources, i.e. build is platform dependent!
2019-02-12 11:41:56,566 [Worker-104] INFO  o.e.m.c.i.embedder.EclipseLogger - skip non existing resourceDirectory F:\2TDSA\2TDSA-JAVA-WEB\04-Framework\src\test\resources
2019-02-12 11:42:54,988 [Worker-103] WARN  o.e.m.c.i.embedder.EclipseLogger - Using platform encoding (Cp1252 actually) to copy filtered resources, i.e. build is platform dependent!
2019-02-12 11:42:54,996 [Worker-103] INFO  o.e.m.c.i.embedder.EclipseLogger - Copying 2 resources
2019-02-12 11:42:55,001 [Worker-103] WARN  o.e.m.c.i.embedder.EclipseLogger - Using platform encoding (Cp1252 actually) to copy filtered resources, i.e. build is platform dependent!
2019-02-12 11:42:55,007 [Worker-103] INFO  o.e.m.c.i.embedder.EclipseLogger - skip non existing resourceDirectory F:\2TDSA\2TDSA-JAVA-WEB\04-Framework\src\test\resources
2019-02-12 11:44:48,002 [Worker-100] WARN  o.e.m.c.i.embedder.EclipseLogger - Using platform encoding (Cp1252 actually) to copy filtered resources, i.e. build is platform dependent!
2019-02-12 11:44:48,008 [Worker-100] INFO  o.e.m.c.i.embedder.EclipseLogger - Copying 1 resource
2019-02-12 11:44:48,025 [Worker-100] WARN  o.e.m.c.i.embedder.EclipseLogger - Using platform encoding (Cp1252 actually) to copy filtered resources, i.e. build is platform dependent!
2019-02-12 11:44:48,030 [Worker-100] INFO  o.e.m.c.i.embedder.EclipseLogger - skip non existing resourceDirectory F:\2TDSA\2TDSA-JAVA-WEB\04-Framework\src\test\resources
2019-02-12 11:44:49,990 [Worker-101] WARN  o.e.m.c.i.embedder.EclipseLogger - Using platform encoding (Cp1252 actually) to copy filtered resources, i.e. build is platform dependent!
2019-02-12 11:44:49,996 [Worker-101] INFO  o.e.m.c.i.embedder.EclipseLogger - Copying 1 resource
2019-02-12 11:44:49,998 [Worker-101] WARN  o.e.m.c.i.embedder.EclipseLogger - Using platform encoding (Cp1252 actually) to copy filtered resources, i.e. build is platform dependent!
2019-02-12 11:44:50,004 [Worker-101] INFO  o.e.m.c.i.embedder.EclipseLogger - skip non existing resourceDirectory F:\2TDSA\2TDSA-JAVA-WEB\04-Framework\src\test\resources
2019-02-12 11:45:53,253 [Worker-105] WARN  o.e.m.c.i.embedder.EclipseLogger - Using platform encoding (Cp1252 actually) to copy filtered resources, i.e. build is platform dependent!
2019-02-12 11:45:53,259 [Worker-105] INFO  o.e.m.c.i.embedder.EclipseLogger - Copying 1 resource
2019-02-12 11:45:53,276 [Worker-105] WARN  o.e.m.c.i.embedder.EclipseLogger - Using platform encoding (Cp1252 actually) to copy filtered resources, i.e. build is platform dependent!
2019-02-12 11:45:53,286 [Worker-105] INFO  o.e.m.c.i.embedder.EclipseLogger - skip non existing resourceDirectory F:\2TDSA\2TDSA-JAVA-WEB\04-Framework\src\test\resources
2019-02-12 11:46:52,196 [Worker-97] WARN  o.e.m.c.i.embedder.EclipseLogger - Using platform encoding (Cp1252 actually) to copy filtered resources, i.e. build is platform dependent!
2019-02-12 11:46:52,202 [Worker-97] INFO  o.e.m.c.i.embedder.EclipseLogger - Copying 1 resource
2019-02-12 11:46:52,219 [Worker-97] WARN  o.e.m.c.i.embedder.EclipseLogger - Using platform encoding (Cp1252 actually) to copy filtered resources, i.e. build is platform dependent!
2019-02-12 11:46:52,225 [Worker-97] INFO  o.e.m.c.i.embedder.EclipseLogger - skip non existing resourceDirectory F:\2TDSA\2TDSA-JAVA-WEB\04-Framework\src\test\resources
2019-02-12 11:47:11,875 [Worker-101] WARN  o.e.m.c.i.embedder.EclipseLogger - Using platform encoding (Cp1252 actually) to copy filtered resources, i.e. build is platform dependent!
2019-02-12 11:47:11,881 [Worker-101] INFO  o.e.m.c.i.embedder.EclipseLogger - Copying 1 resource
2019-02-12 11:47:11,897 [Worker-101] WARN  o.e.m.c.i.embedder.EclipseLogger - Using platform encoding (Cp1252 actually) to copy filtered resources, i.e. build is platform dependent!
2019-02-12 11:47:11,902 [Worker-101] INFO  o.e.m.c.i.embedder.EclipseLogger - skip non existing resourceDirectory F:\2TDSA\2TDSA-JAVA-WEB\04-Framework\src\test\resources
